Flow report for mse_demo
Wed Apr 27 16:01:37 2016
Quartus Prime Version 15.1.0 Build 185 10/21/2015 SJ Lite Edition


---------------------
; Table of Contents ;
---------------------
  1. Legal Notice
  2. Flow Summary
  3. Flow Settings
  4. Flow Non-Default Global Settings
  5. Flow Elapsed Time
  6. Flow OS Summary
  7. Flow Log
  8. Flow Messages
  9. Flow Suppressed Messages



----------------
; Legal Notice ;
----------------
Copyright (C) 1991-2015 Altera Corporation. All rights reserved.
Your use of Altera Corporation's design tools, logic functions 
and other software and tools, and its AMPP partner logic 
functions, and any output files from any of the foregoing 
(including device programming or simulation files), and any 
associated documentation or information are expressly subject 
to the terms and conditions of the Altera Program License 
Subscription Agreement, the Altera Quartus Prime License Agreement,
the Altera MegaCore Function License Agreement, or other 
applicable license agreement, including, without limitation, 
that your use is for the sole purpose of programming logic 
devices manufactured by Altera and sold by Altera or its 
authorized distributors.  Please refer to the applicable 
agreement for further details.



+----------------------------------------------------------------------------------+
; Flow Summary                                                                     ;
+------------------------------------+---------------------------------------------+
; Flow Status                        ; Successful - Wed Apr 27 16:01:26 2016       ;
; Quartus Prime Version              ; 15.1.0 Build 185 10/21/2015 SJ Lite Edition ;
; Revision Name                      ; mse_demo                                    ;
; Top-level Entity Name              ; mse_demo                                    ;
; Family                             ; Cyclone IV E                                ;
; Device                             ; EP4CE30F23C7                                ;
; Timing Models                      ; Final                                       ;
; Total logic elements               ; 9,654 / 28,848 ( 33 % )                     ;
;     Total combinational functions  ; 8,544 / 28,848 ( 30 % )                     ;
;     Dedicated logic registers      ; 5,726 / 28,848 ( 20 % )                     ;
; Total registers                    ; 5794                                        ;
; Total pins                         ; 121 / 329 ( 37 % )                          ;
; Total virtual pins                 ; 0                                           ;
; Total memory bits                  ; 157,696 / 608,256 ( 26 % )                  ;
; Embedded Multiplier 9-bit elements ; 6 / 132 ( 5 % )                             ;
; Total PLLs                         ; 1 / 4 ( 25 % )                              ;
+------------------------------------+---------------------------------------------+


+-----------------------------------------+
; Flow Settings                           ;
+-------------------+---------------------+
; Option            ; Setting             ;
+-------------------+---------------------+
; Start date & time ; 04/27/2016 15:57:55 ;
; Main task         ; Compilation         ;
; Revision Name     ; mse_demo            ;
+-------------------+---------------------+


+------------------------------------------------------------------------------------------------------------------------+
; Flow Non-Default Global Settings                                                                                       ;
+-------------------------------------+---------------------------------------+---------------+-------------+------------+
; Assignment Name                     ; Value                                 ; Default Value ; Entity Name ; Section Id ;
+-------------------------------------+---------------------------------------+---------------+-------------+------------+
; COMPILER_SIGNATURE_ID               ; 260535856969447.146176547519068       ; --            ; --          ; --         ;
; MAX_CORE_JUNCTION_TEMP              ; 85                                    ; --            ; --          ; --         ;
; MIN_CORE_JUNCTION_TEMP              ; 0                                     ; --            ; --          ; --         ;
; PARTITION_COLOR                     ; 16764057                              ; --            ; --          ; Top        ;
; PARTITION_FITTER_PRESERVATION_LEVEL ; PLACEMENT_AND_ROUTING                 ; --            ; --          ; Top        ;
; PARTITION_NETLIST_TYPE              ; SOURCE                                ; --            ; --          ; Top        ;
; POWER_BOARD_THERMAL_MODEL           ; None (CONSERVATIVE)                   ; --            ; --          ; --         ;
; POWER_PRESET_COOLING_SOLUTION       ; 23 MM HEAT SINK WITH 200 LFPM AIRFLOW ; --            ; --          ; --         ;
+-------------------------------------+---------------------------------------+---------------+-------------+------------+


+-------------------------------------------------------------------------------------------------------------------------------+
; Flow Elapsed Time                                                                                                             ;
+---------------------------+--------------+-------------------------+---------------------+------------------------------------+
; Module Name               ; Elapsed Time ; Average Processors Used ; Peak Virtual Memory ; Total CPU Time (on all processors) ;
+---------------------------+--------------+-------------------------+---------------------+------------------------------------+
; Analysis & Synthesis      ; 00:02:05     ; 1.0                     ; 1496 MB             ; 00:03:49                           ;
; Fitter                    ; 00:01:07     ; 1.0                     ; 1500 MB             ; 00:01:07                           ;
; Assembler                 ; 00:00:03     ; 1.0                     ; 1048 MB             ; 00:00:03                           ;
; TimeQuest Timing Analyzer ; 00:00:06     ; 1.0                     ; 1151 MB             ; 00:00:07                           ;
; Total                     ; 00:03:21     ; --                      ; --                  ; 00:05:06                           ;
+---------------------------+--------------+-------------------------+---------------------+------------------------------------+


+--------------------------------------------------------------------------------------------+
; Flow OS Summary                                                                            ;
+---------------------------+---------------------+------------+------------+----------------+
; Module Name               ; Machine Hostname    ; OS Name    ; OS Version ; Processor type ;
+---------------------------+---------------------+------------+------------+----------------+
; Analysis & Synthesis      ; marcel-linux-laptop ; Linux Mint ; 17         ; x86_64         ;
; Fitter                    ; marcel-linux-laptop ; Linux Mint ; 17         ; x86_64         ;
; Assembler                 ; marcel-linux-laptop ; Linux Mint ; 17         ; x86_64         ;
; TimeQuest Timing Analyzer ; marcel-linux-laptop ; Linux Mint ; 17         ; x86_64         ;
+---------------------------+---------------------+------------+------------+----------------+


------------
; Flow Log ;
------------
quartus_map --read_settings_files=on --write_settings_files=off mse_demo -c mse_demo
quartus_fit --read_settings_files=off --write_settings_files=off mse_demo -c mse_demo
quartus_asm --read_settings_files=off --write_settings_files=off mse_demo -c mse_demo
quartus_sta mse_demo -c mse_demo



