17:15:18 **** Build of configuration Nios II for project led_counter ****
make all 
Info: Building ../led_counter_bsp/
make --no-print-directory -C ../led_counter_bsp/
[BSP build complete]
Info: Compiling counter.c to obj/default/counter.o
nios2-elf-gcc -xc -MP -MMD -c -I../led_counter_bsp//HAL/inc -I../led_counter_bsp/ -I../led_counter_bsp//drivers/inc  -pipe -D__hal__ -DALT_NO_INSTRUCTION_EMULATION -DALT_SINGLE_THREADED    -O0 -g -Wall   -mno-hw-div -mhw-mul -mno-hw-mulx  -o obj/default/counter.o counter.c
Info: Linking led_counter.elf
nios2-elf-g++  -T'../led_counter_bsp//linker.x' -msys-crt0='../led_counter_bsp//obj/HAL/src/crt0.o' -msys-lib=hal_bsp -L../led_counter_bsp/   -Wl,-Map=led_counter.map   -O0 -g -Wall   -mno-hw-div -mhw-mul -mno-hw-mulx  -o led_counter.elf obj/default/counter.o -lm -msys-lib=m
nios2-elf-insert led_counter.elf --thread_model hal --cpu_name CPU --qsys true --simulation_enabled false --id 0 --sidp 0x2001020 --timestamp 1460037355 --stderr_dev jtag_uart --stdin_dev jtag_uart --stdout_dev jtag_uart --sopc_system_name NIOS2_QSYS --quartus_project_dir "/home/mgehrig2/MSE/EmbHw/labProject" --jdi ../..//output_files/lab1GetStarted.jdi --sopcinfo /home/mgehrig2/MSE/EmbHw/labProject/software/led_counter_bsp/../../NIOS2_QSYS.sopcinfo
Info: (led_counter.elf) 67 KBytes program size (code + initialized data).
Info:                   16310 KBytes free for stack + heap.
Info: Creating led_counter.objdump
nios2-elf-objdump --disassemble --syms --all-header --source led_counter.elf >led_counter.objdump
[led_counter build complete]
17:15:42 **** Build of configuration Nios II for project led_counter ****
make all 
Info: Building ../led_counter_bsp/
make --no-print-directory -C ../led_counter_bsp/
[BSP build complete]
[led_counter build complete]
17:15:44 **** Incremental Build of configuration Nios II for project led_counter ****
make all 
Info: Building ../led_counter_bsp/
make --no-print-directory -C ../led_counter_bsp/
[BSP build complete]
[led_counter build complete]
